0 info it worked if it ends with ok
1 verbose cli [ '/Users/dkasten/.nvm/versions/node/v5.0.0/bin/node',
1 verbose cli   '/Users/dkasten/.nvm/versions/node/v5.0.0/bin/npm',
1 verbose cli   'start' ]
2 info using npm@3.3.6
3 info using node@v5.0.0
4 verbose stack Error: missing script: start
4 verbose stack     at run (/Users/dkasten/.nvm/versions/node/v5.0.0/lib/node_modules/npm/lib/run-script.js:148:19)
4 verbose stack     at /Users/dkasten/.nvm/versions/node/v5.0.0/lib/node_modules/npm/lib/run-script.js:58:5
4 verbose stack     at /Users/dkasten/.nvm/versions/node/v5.0.0/lib/node_modules/npm/node_modules/read-package-json/read-json.js:345:5
4 verbose stack     at checkBinReferences_ (/Users/dkasten/.nvm/versions/node/v5.0.0/lib/node_modules/npm/node_modules/read-package-json/read-json.js:309:45)
4 verbose stack     at final (/Users/dkasten/.nvm/versions/node/v5.0.0/lib/node_modules/npm/node_modules/read-package-json/read-json.js:343:3)
4 verbose stack     at then (/Users/dkasten/.nvm/versions/node/v5.0.0/lib/node_modules/npm/node_modules/read-package-json/read-json.js:113:5)
4 verbose stack     at /Users/dkasten/.nvm/versions/node/v5.0.0/lib/node_modules/npm/node_modules/read-package-json/read-json.js:232:12
4 verbose stack     at /Users/dkasten/.nvm/versions/node/v5.0.0/lib/node_modules/npm/node_modules/graceful-fs/graceful-fs.js:76:16
4 verbose stack     at tryToString (fs.js:414:3)
4 verbose stack     at FSReqWrap.readFileAfterClose [as oncomplete] (fs.js:401:12)
5 verbose cwd /Users/dkasten/projects/react-hardware/docs
6 error Darwin 14.5.0
7 error argv "/Users/dkasten/.nvm/versions/node/v5.0.0/bin/node" "/Users/dkasten/.nvm/versions/node/v5.0.0/bin/npm" "start"
8 error node v5.0.0
9 error npm  v3.3.6
10 error missing script: start
11 error If you need help, you may report this error at:
11 error     <https://github.com/npm/npm/issues>
12 verbose exit [ 1, true ]
